make all -f /home/ubuntu/workspace/Test_DEV_0/SRC_Builds/DEVT_1.0/REM_Protocol/REM_Srv_v1.0/ --print-data-base --no-builtin-variables --no-builtin-rules --question
make: *** /home/ubuntu/workspace/Test_DEV_0/SRC_Builds/DEVT_1.0/REM_Protocol/REM_Srv_v1.0/: Is a directory.  Stop.

# GNU Make 4.2.1
# Built for x86_64-pc-linux-gnu
# Copyright (C) 1988-2016 Free Software Foundation, Inc.
# License GPLv3+: GNU GPL version 3 or later <http://gnu.org/licenses/gpl.html>
# This is free software: you are free to change and redistribute it.
# There is NO WARRANTY, to the extent permitted by law.

<<<<<<< HEAD
# Make data base, printed on Sun Aug 14 14:35:25 2022
=======
# Make data base, printed on Sat Jun  4 16:02:27 2022
>>>>>>> 9450a636695208c75f94ca49d1f5858e7a8bb12f

# Variables

# environment
GNUMAKEFLAGS := 
# automatic
<D = $(patsubst %/,%,$(dir $<))
# automatic
?F = $(notdir $?)
# environment
DESKTOP_SESSION = ubuntu
# default
.SHELLFLAGS := -c
# environment
XDG_SESSION_CLASS = user
# environment
XDG_SESSION_TYPE = x11
# automatic
?D = $(patsubst %/,%,$(dir $?))
# environment
IM_CONFIG_PHASE = 1
# automatic
@D = $(patsubst %/,%,$(dir $@))
# environment
XAUTHORITY = /run/user/1000/gdm/Xauthority
# environment
GDMSESSION = ubuntu
# environment
XMODIFIERS = @im=ibus
# makefile
CURDIR := /home/ubuntu/workspace/Test_DEV_0
# makefile
SHELL = /bin/sh
# environment
VSCODE_NLS_CONFIG = {"locale":"en-us","availableLanguages":{},"_languagePackSupport":true}
# environment
_ = /usr/share/code/code
# environment
<<<<<<< HEAD
JOURNAL_STREAM = 8:56330
=======
JOURNAL_STREAM = 8:55644
>>>>>>> 9450a636695208c75f94ca49d1f5858e7a8bb12f
# environment
XDG_CONFIG_DIRS = /etc/xdg/xdg-ubuntu:/etc/xdg
# makefile (from '/home/ubuntu/workspace/Test_DEV_0/SRC_Builds/DEVT_1.0/REM_Protocol/REM_Srv_v1.0/', line 1)
MAKEFILE_LIST :=  /home/ubuntu/workspace/Test_DEV_0/SRC_Builds/DEVT_1.0/REM_Protocol/REM_Srv_v1.0/
# automatic
@F = $(notdir $@)
# environment
GIO_LAUNCHED_DESKTOP_FILE = /usr/share/applications/code.desktop
# environment
USERNAME = ubuntu
# environment
XDG_DATA_DIRS = /usr/share/ubuntu:/usr/local/share/:/usr/share/:/var/lib/snapd/desktop
# environment
DBUS_SESSION_BUS_ADDRESS = unix:path=/run/user/1000/bus
# environment
<<<<<<< HEAD
=======
VSCODE_VERBOSE_LOGGING = true
# environment
>>>>>>> 9450a636695208c75f94ca49d1f5858e7a8bb12f
MANAGERPID = 1027
# environment
LESSOPEN = | /usr/bin/lesspipe %s
# environment
VSCODE_CWD = /home/ubuntu
# default
MAKE_HOST := x86_64-pc-linux-gnu
# environment
PATH = /usr/local/sbin:/usr/local/bin:/usr/sbin:/usr/bin:/sbin:/bin:/usr/games:/usr/local/games:/snap/bin
# environment
GPG_AGENT_INFO = /run/user/1000/gnupg/S.gpg-agent:0:1
# environment
<<<<<<< HEAD
SESSION_MANAGER = local/vl-workstation-0:@/tmp/.ICE-unix/1410,unix/vl-workstation-0:/tmp/.ICE-unix/1410
=======
SESSION_MANAGER = local/vl-workstation-0:@/tmp/.ICE-unix/1402,unix/vl-workstation-0:/tmp/.ICE-unix/1402
>>>>>>> 9450a636695208c75f94ca49d1f5858e7a8bb12f
# environment
XDG_RUNTIME_DIR = /run/user/1000
# environment
XDG_MENU_PREFIX = gnome-
# environment
ELECTRON_RUN_AS_NODE = 1
# environment
<<<<<<< HEAD
INVOCATION_ID = e2eb7d208b8a45b2bde934a9d69f393b
=======
INVOCATION_ID = 638fa400f5b34d638ddd48bdb0dad8d2
>>>>>>> 9450a636695208c75f94ca49d1f5858e7a8bb12f
# default
.FEATURES := target-specific order-only second-expansion else-if shortest-stem undefine oneshell archives jobserver output-sync check-symlink load
# environment
LS_COLORS = 
# environment
XDG_SESSION_DESKTOP = ubuntu
# environment
SSH_AUTH_SOCK = /run/user/1000/keyring/ssh
# environment
<<<<<<< HEAD
GIO_LAUNCHED_DESKTOP_FILE_PID = 3815
=======
GIO_LAUNCHED_DESKTOP_FILE_PID = 3398
>>>>>>> 9450a636695208c75f94ca49d1f5858e7a8bb12f
# automatic
%F = $(notdir $%)
# environment
DISPLAY = :0
# environment
PWD = /home/ubuntu/workspace/Test_DEV_0
# default
.LOADED := 
# environment
<<<<<<< HEAD
SSH_AGENT_PID = 1357
=======
SSH_AGENT_PID = 1342
>>>>>>> 9450a636695208c75f94ca49d1f5858e7a8bb12f
# environment
ORIGINAL_XDG_CURRENT_DESKTOP = ubuntu:GNOME
# environment
GTK_MODULES = gail:atk-bridge
# environment
VSCODE_AMD_ENTRYPOINT = vs/workbench/api/node/extensionHostProcess
# environment
HOME = /home/ubuntu
# environment
LESSCLOSE = /usr/bin/lesspipe %s %s
# environment
<<<<<<< HEAD
VSCODE_CODE_CACHE_PATH = /home/ubuntu/.config/Code/CachedData/6d9b74a70ca9c7733b29f0456fd8195364076dda
=======
VSCODE_CODE_CACHE_PATH = /home/ubuntu/.config/Code/CachedData/c3511e6c69bb39013c4a4b7b9566ec1ca73fc4d5
>>>>>>> 9450a636695208c75f94ca49d1f5858e7a8bb12f
# environment
LOGNAME = ubuntu
# environment
APPLICATION_INSIGHTS_NO_DIAGNOSTIC_CHANNEL = true
# environment
VSCODE_HANDLES_UNCAUGHT_ERRORS = true
# environment
GNOME_DESKTOP_SESSION_ID = this-is-deprecated
# automatic
^D = $(patsubst %/,%,$(dir $^))
# environment
MAKELEVEL := 0
# default
MAKE = $(MAKE_COMMAND)
# default
MAKECMDGOALS := all
# environment
QT_IM_MODULE = ibus
# environment
SHLVL = 0
# environment
GNOME_SHELL_SESSION_MODE = ubuntu
<<<<<<< HEAD
=======
# environment
VSCODE_IPC_HOOK_EXTHOST = /run/user/1000/vscode-ipc-afb24c80-0cfd-4baf-834e-d06095e150da.sock
>>>>>>> 9450a636695208c75f94ca49d1f5858e7a8bb12f
# default
MAKE_VERSION := 4.2.1
# environment
USER = ubuntu
# makefile
.DEFAULT_GOAL := 
# environment
XDG_CURRENT_DESKTOP = Unity
# automatic
%D = $(patsubst %/,%,$(dir $%))
# default
MAKE_COMMAND := make
# default
.VARIABLES := 
# automatic
*F = $(notdir $*)
# environment
<<<<<<< HEAD
VSCODE_IPC_HOOK = /run/user/1000/vscode-9415da10-1.70.1-main.sock
=======
VSCODE_IPC_HOOK = /run/user/1000/vscode-9415da10-1.67.2-main.sock
>>>>>>> 9450a636695208c75f94ca49d1f5858e7a8bb12f
# makefile
MAKEFLAGS = pqrR
# environment
MFLAGS = -pqrR
# automatic
*D = $(patsubst %/,%,$(dir $*))
# automatic
+D = $(patsubst %/,%,$(dir $+))
# environment
GDK_BACKEND = x11
# automatic
+F = $(notdir $+)
# environment
QT_ACCESSIBILITY = 1
# default
MAKEFILES := 
# automatic
<F = $(notdir $<)
# environment
LC_ALL = C
# environment
GJS_DEBUG_TOPICS = JS ERROR;JS LOG
# automatic
^F = $(notdir $^)
# default
SUFFIXES := 
# environment
CHROME_DESKTOP = code-url-handler.desktop
# environment
WINDOWPATH = 2
# default
.INCLUDE_DIRS = /usr/include /usr/local/include /usr/include
# environment
GJS_DEBUG_OUTPUT = stderr
# default
.RECIPEPREFIX := 
# environment
LANG = C
# environment
<<<<<<< HEAD
VSCODE_PID = 3815
=======
VSCODE_PID = 3398
>>>>>>> 9450a636695208c75f94ca49d1f5858e7a8bb12f
# variable set hash-table stats:
# Load=92/1024=9%, Rehash=0, Collisions=10/105=10%

# Pattern-specific Variable Values

# No pattern-specific variable values.

# Directories


# No files, no impossibilities in 0 directories.

# Implicit Rules

# No implicit rules.

# Files

# Not a target:
all:
#  Command line target.
#  Implicit rule search has not been done.
#  Modification time never checked.
#  File has not been updated.

# Not a target:
/home/ubuntu/workspace/Test_DEV_0/SRC_Builds/DEVT_1.0/REM_Protocol/REM_Srv_v1.0/:
#  Implicit rule search has not been done.
#  Modification time never checked.
#  File has not been updated.

# Not a target:
.DEFAULT:
#  Implicit rule search has not been done.
#  Modification time never checked.
#  File has not been updated.

# files hash-table stats:
# Load=4/1024=0%, Rehash=0, Collisions=0/5=0%
# VPATH Search Paths

# No 'vpath' search paths.

# No general ('VPATH' variable) search path.

# strcache buffers: 1 (0) / strings = 6 / storage = 136 B / avg = 22 B
# current buf: size = 8162 B / used = 136 B / count = 6 / avg = 22 B

# strcache performance: lookups = 9 / hit rate = 33%
# hash-table stats:
# Load=6/8192=0%, Rehash=0, Collisions=0/9=0%
<<<<<<< HEAD
# Finished Make data base on Sun Aug 14 14:35:25 2022
=======
# Finished Make data base on Sat Jun  4 16:02:27 2022
>>>>>>> 9450a636695208c75f94ca49d1f5858e7a8bb12f

 
